0 info it worked if it ends with ok
1 verbose cli [ '/usr/bin/node', '/usr/bin/npm', '-g', 'install', 'friby' ]
2 info using npm@1.4.28
3 info using node@v0.10.37
4 verbose node symlink /usr/bin/node
5 verbose cache add [ 'friby', null ]
6 verbose cache add name=undefined spec="friby" args=["friby",null]
7 verbose parsed url { protocol: null,
7 verbose parsed url   slashes: null,
7 verbose parsed url   auth: null,
7 verbose parsed url   host: null,
7 verbose parsed url   port: null,
7 verbose parsed url   hostname: null,
7 verbose parsed url   hash: null,
7 verbose parsed url   search: null,
7 verbose parsed url   query: null,
7 verbose parsed url   pathname: 'friby',
7 verbose parsed url   path: 'friby',
7 verbose parsed url   href: 'friby' }
8 silly lockFile 50d03644-friby friby
9 verbose lock friby /home/tatum/.npm/50d03644-friby.lock
10 silly lockFile 50d03644-friby friby
11 silly lockFile 50d03644-friby friby
12 verbose addNamed [ 'friby', '' ]
13 verbose addNamed [ null, '*' ]
14 silly lockFile f61d7b43-friby friby@
15 verbose lock friby@ /home/tatum/.npm/f61d7b43-friby.lock
16 silly addNameRange { name: 'friby', range: '*', hasData: false }
17 verbose request where is /friby
18 verbose request registry https://registry.npmjs.org/
19 verbose request id 2290569653716991
20 verbose url raw /friby
21 verbose url resolving [ 'https://registry.npmjs.org/', './friby' ]
22 verbose url resolved https://registry.npmjs.org/friby
23 verbose request where is https://registry.npmjs.org/friby
24 info trying registry request attempt 1 at 12:20:37
25 http GET https://registry.npmjs.org/friby
26 http 404 https://registry.npmjs.org/friby
27 verbose headers { server: 'CouchDB/1.5.0 (Erlang OTP/R16B03)',
27 verbose headers   'content-type': 'application/json',
27 verbose headers   'cache-control': 'max-age=0',
27 verbose headers   'content-length': '51',
27 verbose headers   'accept-ranges': 'bytes',
27 verbose headers   date: 'Wed, 24 Jun 2015 05:20:38 GMT',
27 verbose headers   via: '1.1 varnish',
27 verbose headers   age: '0',
27 verbose headers   connection: 'keep-alive',
27 verbose headers   'x-served-by': 'cache-sin6924-SIN',
27 verbose headers   'x-cache': 'MISS',
27 verbose headers   'x-cache-hits': '0',
27 verbose headers   'x-timer': 'S1435123238.629739,VS0,VE258' }
28 silly registry.get cb [ 404,
28 silly registry.get   { server: 'CouchDB/1.5.0 (Erlang OTP/R16B03)',
28 silly registry.get     'content-type': 'application/json',
28 silly registry.get     'cache-control': 'max-age=0',
28 silly registry.get     'content-length': '51',
28 silly registry.get     'accept-ranges': 'bytes',
28 silly registry.get     date: 'Wed, 24 Jun 2015 05:20:38 GMT',
28 silly registry.get     via: '1.1 varnish',
28 silly registry.get     age: '0',
28 silly registry.get     connection: 'keep-alive',
28 silly registry.get     'x-served-by': 'cache-sin6924-SIN',
28 silly registry.get     'x-cache': 'MISS',
28 silly registry.get     'x-cache-hits': '0',
28 silly registry.get     'x-timer': 'S1435123238.629739,VS0,VE258' } ]
29 silly lockFile f61d7b43-friby friby@
30 silly lockFile f61d7b43-friby friby@
31 error 404 404 Not Found: friby
31 error 404
31 error 404 'friby' is not in the npm registry.
31 error 404 You should bug the author to publish it
31 error 404
31 error 404 Note that you can also install from a
31 error 404 tarball, folder, or http url, or git url.
32 error System Linux 3.13.0-43-generic
33 error command "/usr/bin/node" "/usr/bin/npm" "-g" "install" "friby"
34 error cwd /home/tatum/workspace/java/git/thedemo/thedemo-nodejs
35 error node -v v0.10.37
36 error npm -v 1.4.28
37 error code E404
38 verbose exit [ 1, true ]
